Create your music GNOME from GNOME
Non-B: Unexpected Radio symbol.
Try to a card-like game
Show the artist's Show
Ace of hearts
% s was installed set
Open a New Window
Super NES plugin with non-get (GTK)
Installation of% s version% s


Read the selected information
Network-Mail
Install software packages, remove and delete software
Unable to find% s in% s
Files _ name _ file
EMusic resource
This package does not be installed
Can't match-like plugin (memory-a)
Source:
% A has no relocation ['% A' in% B]
File data
Downloads this is not allowed
Play a different game
File data
Move to configure your view and edit your view
Create and MIDI MIDI applications and MIDI data
File data
Error
The GNU file program
Error:% B has compiled for playback, whereas% B uses source Editor
Create 3D source plugin
Edit SLUDGE structures
View for playback
Not supported supported
File data
A GUI manager for X
Configure the given, got of the package
File data
Cancel the installation of% s.
Play the program with your and more than computer and more than
Banshee Banshee as the Banshee
Desktop
No new new songs for {0}.
-@-@ time
3D simulation of the system, but it will be used in a single-line.
The value "% key: 1" can not be opened: 1.
Invalid hint "% s": Expected a expected, but found found.
Internal error, create size
File data
Server version:% s; cannot be removed:% s
A fast-time for player devices
[% i%%]

Invalid action name command;% s: Or change
Photos
By:
File data
Will be installed
The following packages with with% B% s% b:
The key "% key: 1" does not have any parameters when when a 'name'.
Open source source Editor
View the artist to the list of album Cover
Folder the last item
_ error:
Read the key of the
File data
Open source source Editor
_ about
Argument
With with music editor
File data
Selected
File data
Failed to connect to File failed
Configure configure-configure
Control-F
Quake additional
% B: Unknown relocation type% d
View the next solution to the next solution
Could not create encoder pipeline, it is not running.
File couldn't find file:% s
Packages to be removed automatically removed
Cannot create directory in% s:% s
Media record% s already exists
File data

Simple with Last.fm Last.fm.
Set your audio-like-like arcade game
File data
Command command '% s' failed.
You are searching for a queen.
File data
This music music music of view or this album.
Search your music...
Warning: Unknown-table symbol,
Perform this program
Last.fm Radio
Place the six of hearts next to the five of hearts.
File data
This is used to the software. You are you need to authenticate.
File data
3D chess
Show or hide, or or not a or more
The game of the table
Invalid application tool
There are not a free which the section, but it is not found.
Change change and current of your desktop
You have have.
Data-time tool
Application
% s has no binary in the current list.
_ Folder Folder...
You [file] [name...]
File data
A free interface to Qt JACK for JACK and the sound
Qt-end for all / files / music files
File data
Open Mail Client
4
Move ~ a onto the king of clubs.
Graphical interface for use the source source.
A GUI frontend for the network
View this artist to the next to find
Open source source Editor
Ibus Preferences
Window application
BitTorrent Client
View your desktop of your audio files
Unsupported relocation type
Development
Failed to get playback.
Computer-time time tool (a)
File data
Open source source Editor
% s: Option -% c:% s at% d at% d
Music Player for devices
The settings for the settings
Remove the two of hearts.
Options:
Base Card:
Hardware support
The following packages will be automatically:
File data
Could not find a string _ _ not Podcast
Video player:
Is not
% s dependencies
% B: 0x% u in section section
'' 'To install the package of a package' to a package
You are in a file! You! --More--
Set all Preferences to this album

Unity-2D
The directory "% file: 1" can not be opened for writing.
Install
Extra audio to music
File data
File not defined in Catalog:% s
,,, and archive-in-only-line, and will not appear in the "
Hold
Remove the jack of hearts.
Hold
Version table:
Show or hide
Changes to be packages in the daemon
Show information:
MIDI / audio-like game and and video
# broken
Invalid response. Please enter 'or' or '.
-@-@ time
New Volume is:% d
Application for checking text to configure
The package name will be removed or removed
Usage [-n] [+ _ BAR _ BAR _ BAR _ BAR _ BAR _ BAR _ BAR _
File data
Change to the next solution
A 2D game based on the grid-screen
No more running.
File data
You can only be remove of the packages packages;% s version of% s.
File data
Make _ job _ control: '% d' of range
4
% s is installed
The total one of a package, and a file program.
The following "% lang: 1" is not known.
File data
File data
Open source source Editor
CD
File data
The next solution, the currently service not have.
Desktop program for Linux
Command command:% s
Set the last view in the list of the selected file
Cards application
KDE Settings
<-time strategy tool
Please enter your desktop for the% s
CD / DVD '% s' is not in
You must specify a file to use.
View your system settings
New data CD Project
File data
_ command
Status, the default can be used

Move% s on% s.
A simple text to use / Banshee / Banshee / Banshee
E-based with and cancel
Root

% B: Unable to fill to fill to end [options]
File data
Change keyboard and change settings
(Editor-like plugin)
File data
Show the display file the display
File data
Mail diamonds
Data-time
OpenGL-based game
-@-@ time
Title
Create and edit scientific data files
New ^ File Browser
File data
Data-time
& file
This option does not have.
The game "is a word list is a valid file for the top of the package.
GUI interface for using
New QR-based CD CD
;; do; done; done; done
Check all changes to be removed
And
File data
- UPnP - Internet Archive.
Invalid problem report
File data
Tool to the network network network network support
File data
Invalid
-s, create: Unable to add-mode (Client: Options)
File data
% s is not to be installed and it is not be installed and will not be installed.
No
% s: Not a valid
A simple IRC Client
Nine of hearts
Found% n: Cannot be freed:% u
'' '' '
Interface
You are searching for a ace.
Change-like game
File data
Help
View your files using the Internet Archive
Table a free file manager
Search
Warning: Format is not allowed (Client:% i), whereas:% i
DNS failure :-error

Done
Done is required
File data
-a-platform plugin for JACK
File data
% B: 0x% lx: Warning: Could not find section relocation
File data
Files about the network + + network
A KDE-time game
The game file to be freed
Install% s [% s (% s)]
Version table:
This action of this action
Graphical interface for network
Current% s of% s
Move a card to the foundation.
_ View
Create a package = < an Audio table of a package
3D
Game based with the program to / the / / / / / the program
Game about the application and calculator
% sB of disk space
Desktop a clone for the program network
All
The defined package list for% s / not be used to use.
Desktop program for Linux
No results
Current Artist
Unknown reloc% s
A GNOME program to use of your desktop
% B: Section '% A' cannot be in section% d
Configure your desktop using the desktop desktop
But% s is already installed
File data
Last.fm on {0}.

Create [file] [-p] [-p] [name...]
File data
KDE-time
Package Manager
In the key of the key name name < value >
Open source source Editor
Data-player
Create a simple create of your data from data
No address Music files
Bad command: No reloc "% s" in "% s" in "% s"
% B (% A + 0x% lx): R _ SH _-not allowed in TLS _ BAR _ not
File data

'% s' does not exist
Cannot open file file
Mixer
Do you want to the the user number of this command? < < > >
(ALSA ALSA support)
Five of
View and modify your data and analysis your computer and display a computer.
Game
-IDE
Keep% s at version% s is preferred over all un-accepted alternatives.
Open source source source Simulator
File data
MIDI data with JACK
Need to get% sB of% sB of% sB of archives.
DVD CD
File data
A simple text editor
Preview:
% B: Relocation relocation against dynamic symbol symbol% s
Program to the program screen
Open in source mode
Radio report.
& KDE
A clone of the-like game
A clone of the window
Title
Create a window-like game
File data
Error
No:% d
There are not allowed to the section, but it is not found to the section, but it is not found
Place the five of spades next to the four of spades.
File data
A-based game of the window game
Connect to a remote server

Volume [-f] [-v] [arg...]
Similar to {0}
Graphical interface to a graphical current information.
Candidate:
File data
% s: Unable to write to use in a file format.
File data
Cannot open Storage resource% s
File data
Set a source of OpenGL with video cards
You are searching in a window of a word list
File data
% n% b files are not be used.
Unable to parse% s with previous
File data
[Working)]
A fast-system desktop game for GNOME
Error fetching row type '% s'
Between all Player
View editor for the current user data
Tool for non-table symbol
Change the change of software
And data-like tool
Table based on the screen
Found% n: Warning:% u
Client record not found in Catalog
GNOME system
Keep% s at version% s is rejected.
Puzzle game based on online games
File data
View, you to be a valid file name.
File data
Change the system files which are "new"
File data
Missing ')
Title
Gmail is invalid
Unexpected token% s is line% d
Software source source data
File data
Queen of clubs
Warning:% B and% B uses integer support for different argument
A clone of the window

Remove the jack
Unexpected ')'
Create an empty-player for upgrade (allowed)] (_ input])
Tool for the table tool for a-@-@-style first person shooter
View and edit your documents
File data
In
Make _ package _ view: Error in virtual column?
^ UI
Document empty
Remove available by (the following): You can be a valid filter for the play or remove or remove the given
Create a package of:% s
This command, but it will be used to the package, and manage the game and the package list of the current directory
Banshee-in-the-row

Y
Too many different package
Could not open '% s' to open
File data
File data
And more-time and more
Could not find a string _ _ not Podcast
File data
The following packages depend on a version of% B% s% b, but it is not installed
File data
Documents for documents
No "resource"% s "in Pool"% s. "
File data
Invalid service
Files files in "% s" does not be found.
'+' to install packages and install packages as automatically installed
Three of hearts
Calendar
+ + -- > skipping, no music
% s: Invalid shell shell option
Job record% s by no:
About your
Number
[Working format]
File data
_ add
View Last.fm on Last.fm
The package-package-names _ BAR _-table
Browse the set in a source of a package
Version% u at% u.
Create new new station
File data
Cancel?
[N]
% B symbol '% file for'% s'
Linux-like tool
About Solitaire
Support for "your"
Error fetching row for "% s."
Show the file to the current item
% B: Symbol '% s', but it is not allowed
_ View
Open source source Editor
Search
There are a package, it is currently installed, it will be upgraded.
Play the next of your problem report
File-device
Invalid service name
Invalid hint "% s": Value for expected, but found found.
Download all artists
Move to the current of clubs
Open source source Editor
A simple-time strategy game
Open% s failed
A graphical GUI for the PDF network (root)
Very jack
D
Cancel the removal of% F
Last.fm station
Set your system with your system.
Audio files to use in your network
Invalid hint "% s": Invalid value for symbol:% s
The ace of hearts
(Number)
Unable to set for% s, it is not installed.
File data
Songs, the game with a free of the screen.
Create a free of this option, and the current directory packages and will be used in the current solution.
File data
The game of the selected service
No:

Director [-p]
Data-time
Audio track from your audio CDs
File data
File data
Search:
Open source source Editor
No
Create images images
Catalog:% s with 'does not exist
_ Restart
No configuration file to use
No program: Empty is not allowed
Invalid record: "% s"
Error:% s
% P:% B: Relocation in section '% A': Relocation in section '% A'.
Error updating address:% s
GNOME LaTeX Editor
Error:% B uses unknown instructions, whereas% B does not
Play a puzzle game similar to the network
