GNOME Music Editor
Unable to resolve current directory: Unexpected argument
Try to get a cards to the play queue
Show the key of key
Ace of hearts
% s was required to manually installed.
Open a New input
Ibus-based game with the classic arcade game with the GTK
Installation of% s version% s


Read-like has closed
File-=
Install, install packages, remove and update software packages and update
Couldn't get% s in% s.
Files by files
EMusic
This package is not allowed to be installed
+-like game (using the file manager)
Source:
% A has closed unexpectedly ["% A" in% B, "% B" in% B
File System Monitor
Downloads this in
Play a Volume-like game
File System Monitor
Configure what gets have your system your your computer to your system
Connect to and MIDI applications using manage your MIDI
File System Monitor
Enabled
The GNU-on-like game
Error:% B is for, whereas% B uses multiple float, whereas% B uses single-files.
Edit text files with
Edit SLUDGE source files
Connected to
Not supported
File System Monitor
A file manager for X
The complete key, which you have the contents of
File System Monitor
Cancel the installation of% s.
Play games with arcade and more than as a simple video
Set Banshee as the default as Banshee
Create
No new songs for {0}.
-user game

The value of the option "% key: 1" does not exist.
Invalid hint "% s": Expected your action, but found.
Internal error, aborting has an internal error.
File System Monitor
Server version:% s; cannot be group:% s
A simple network-platform educational editor for network devices
[% i%%]
A free-time strategy game of the directory stack, and a free-in-line.
Invalid command type, but it should be upgraded; it should be used; it should be used; it:
Photos
By:
File System Monitor
Will not have
The following packages conflict with% B% s% b:
The key "% key: 1" does not have any parameters when prefixed by a "" ""
Window Manager
Toggle the artist of the artist
Folder the Folder
_ New:
Package files is removed
File System Monitor
Window Manager
_ about
Argument
A free manager
File System Monitor
S
File System Monitor
Failed to connect to the daemon
Configure-Input first person BAR _ program
Control-F
Quake
% B: Unknown relocation type% d
Set the desktop for Gstreamer desktop for Gstreamer desktop
Could not create Bacula file, it will not be used.
File was not found:% s
Packages to be never automatically be removed.
Cannot open source directory:% s
Could not get Job record% s already exists
File System Monitor
Invalid response. Please enter a command or '?'?
Connected to Last.fm.
Access your video of player-in-platform
File System Monitor
Unable to create the command "% s" failed.
You are searching for a queen.
File System Monitor
This music's will be downgraded of this software or new action or the new state
Search your music...
Expected a :-@-@ time strategy games
Ibus-like 2
Listen to Last.fm radio
Place the six of hearts next to the five of hearts.
File System Monitor
This is free software. You must be used as a and will be shown.
File System Monitor
3D chess
View, create, or more or more or more
The complete manager
Desktop database tool
There are an audio, but it will be used, it is not found.
Change and control your personal settings
You have searching.
File Editor
Application
% s has no record in the current list
_ New Folder...
Help [n] [s...]
File System Monitor
A Qt is a Qt GUI for JACK
Qt-application manager for downloaded / system files
File System Monitor
Scientific Mail
2
Move ~ a onto the king of clubs.
Graphical interface to the open source source software has a source software of the source source is graphical open source source.
A Qt4 frontend for the file manager
Search this artist on the system
Window Manager
Ibus-based Setup
File application
BitTorrent Client
Use the program of the screen applications for Last.fm
Unsupported relocation type
Rating
Unrecognized per state
Play a different-like game (root)
File System Monitor
Window Manager
% s: Option -% c:% s at section% d
Music Player Client
Preferences for the desktop
Remove the two of hearts.
Options:
Base Card:
Hardware support
The following packages will be automatically:
File System Monitor
Could not find any action _ _ BAR _ line
Video Editor:
Is
% s dependencies
% B: Unexpected relocation type% u in configuration section
The program "" to the package. "
You are in a file manager! --More--
Check all podcasts to new the Internet Archive

Unity-2D
The directory "% s: 1" does not match "
Install
Extra Audio Applications
File System Monitor
File not defined in Catalog:% s
-i, -i and but it is not in the 's') to be used in "command."
Hold
Remove the jack of hearts.
Hold
Version table:
Information about aptitude
To be installed packages on the system
Sort Album:
MIDI / audio data and analysis
# broken
Invalid response. Please enter "or" n, "or" name. "
-user game
New retention period is:% d
Configure audio application for configure
Select the selected package is the installation or the package.

File System Monitor
Change to the
A 2D 2D game in the classic arcade game
No solutions.
File System Monitor
You can only view changelogs of% s packages;% s% s
File System Monitor
Make _ process:% d 'out of range
2
Will be configured
The application is a multiple level of a previous program and time.
The available "% s: 1" is not known.
File System Monitor
File System Monitor
Window Manager
CDs
File System Monitor
The next solution to the next solution, the user interface.
Keyboard for network
Command command command:% s
Set the end of the current system
Cards application
KDE File Manager
Advanced run-end in File data
Please enter your keyboard for the% s
CD / DVD '% s'
You are searching to a valid station character.
View your screen from the file manager
New data CD Project
File System Monitor
_ actions
The whether the Player is the selected service

Move% s to% s.
Enter a solution, create the default / Banshee / Banshee / Banshee / Banshee
Send and edit audio files with your
Root


File System Monitor
Change keyboard and change settings
Network-like game
File System Monitor
Show the file system for the display
File System Monitor
Chess-3D-Server
File System Monitor
OpenGL-like game
-user game
Screen Settings
Create and create images from the
New ^ root Browser
File System Monitor
File System Monitor
& file
Show this option
The game "must be a valid shell is a free program. See the version of the screen.
Mail interface for the
New Video-software Manager
;; do not be available; do; it; do not be;
Check for Updates
And
File System Monitor
UPnP UPnP Internet Messenger
Invalid signal
File System Monitor
Tool for to network
File System Monitor
Is used

File System Monitor
% s is not going to be installed and will not be upgraded.
No
% s: Not a valid directory
Audio IRC Client
Nine of hearts
Channel% s: Control table:% d
'Manager' desktop
Interface
You are searching for a ace.
System Image-based strategy game
File System Monitor
Help
Open your files about the Internet Archive
Table of the word list
&
Warning:% i (% i:% s,% i)
DNS failure: System

Configuration
CD
File System Monitor
File-plugin for JACK
File System Monitor
% B: 0x% lx: Warning: Could not find expected reloc
File System Monitor
Files over the file + + network
A KDE-like game
A number of the window
Install% s [% s (% s)]
Version table:
Cancel this action
GUI for network
Solution% s of% s
Move a card to the foundation.
A _-like terminal
Could = < name > to a single package to a single package
Description
Game with the classic arcade game with / tool for playback
Game about the and time
% sB of disk space
A to use for multiple-in-use a-platform type
All
The download for% s / cannot be used for playback% s.
Advanced logging program for playback
No _ Title
Current Artist
Unknown version% s
A GNOME-@-@ program game for small-on-not a-platform type
% B: Section '% A' cannot be in at% d to be used
Configure the GNOME shell
But% s is already installed
File System Monitor
Last.fm is to {0}.

[Working] [-p] [name...]
File System Monitor
KDE File Manager
Package Manager
< 's < name > < name >
Window Manager
DVD image viewer
Create simple video from the file system of your data
No connect to music share


File System Monitor

Relocation '% s' does not match that
Read file not be used
Mixer
Do you want to install the last action? < n > < < >
Network Monitor (with ALSA support)
Five of
And display your images of your computer and network! Using your system.
Game
File IDE
Keep% s at version% s is preferred over all un-accepted alternatives.
Play the next system simulator game
File System Monitor
MIDI monitor with JACK
Need to get% sB of% sB of archives.
File-Up -
File System Monitor
A simple video application
Preview:
% B: Relocation relative relocation against dynamic symbol% s
Program for creating the default station
Open in local mode
Not running.
& aborting
A fast-like game
Window Manager
Track
A free text editor
File System Monitor
Read
File:% d,
There is a different found, but it is not found, it could not be found, it could not be found
Place the five of spades next to the four of spades.
File System Monitor
Play the file system game
Connect to a non-server
Enter% s' to the new solution, you have the new solution, it will appear in new action.
Play [-f] [-v] [-v] [name...]
Similar to {0}
Graphical interface to the download of a package GUI
Candidate:
File System Monitor
% s: Unable to get a valid of file name is not going to be restored.
File System Monitor
Cannot get program type% s
File System Monitor
Learn hardware space of OpenGL with binary cards
You are searching in a window's a file manager
File System Monitor
% n% b will be downloaded in archives.
Unable to set% s with the process
File System Monitor
[Working] file]
A simple file viewer for the desktop in GNOME
Error open source symbol '% s'
Between different running by running
File Editor for chemical chemical chemical.
Tool for the file daemon
Change settings
And time
Move ~ a onto the nine of spades
Channel% s: Cannot be in:% u
Client record not found in Catalog.
GNOME System Monitor
Keep% s at version% s is rejected.
Puzzle game based on the classic arcade game
File System Monitor
Press you to continue a valid control to the developers.
File System Monitor
Do not want to get the file packages, installing packages
File System Monitor
Missing ')
Track
Gmail Mail
Resource% s line% s line% d # 1
DVD Radio Client
File System Monitor
Queen of clubs
Warning:% B and% B uses different float, whereas the code
A clone of the window
The default solution to the value of this option. This might take a help to the developers.
Remove the jack of clubs
Unexpected token)
NVIDIA binary-player for removal (s]
Tool for the file size of the file manager
Search the Internet Archive
File System Monitor
,
Make _ package _ view: ERR in a shared??
^ Manual
IDE
Available filter (root): You can be in the 'filter' to remove the state
Create a failed:% s

Banshee on Banshee

Y
Too the system pane
Could not open '% s' to be installed.
File System Monitor
File System Monitor
And more for more
Could not find any action _ _ BAR _ line
File System Monitor
The following packages depend on a version of% B% s% b, the removal of% B% s:
File System Monitor
Documents Podcast
No 'Pool' in Pool '% s'
File System Monitor
Invalid service name
Files in "% s" not be used.
'+' to install packages as a packages as automatically installed and automatically installed as automatically installed automatically
Three of hearts
Calendar
+ + -- > skipping, no
% s: Invalid shell shell
Browse for domain% s to be available:
About the
Catalog
[Working float]
File System Monitor
_ add
Show on Last.fm
The package-package-package _ BAR _ archive
Enter the installation of the selected source
Storage resource% u.
Create new create structures
File System Monitor
Cancel the installation of
Exit [n]
% s was not found for "% s" not found for "% s"
Linux - a GUI and time
About this game
Support for "% n."
Error fetching row for "% s."
Show the user interface
% B: Symbol '% s' is not supported, but not be
Select _ All
Window Manager
D
There must be at least one package, it will be used to be restored.
Send commands on your system
File device
Invalid service name
Invalid hint "% s": No for ", but found.
Download all songs
Is used to notify that a table in the previous table
Window Manager
File System Monitor
Open% s failed
A graphical user interface for the PDF (root)
Very bad
Software
Cancel the removal of% F
Last.fm station
Change your system settings with Ubuntu.
Audio files in other formats
Invalid hint "% s": Invalid value for% s
The ace of hearts
Version number (by = files)
Unable to set file for% s, it is not installed
File System Monitor
Songs that are a free or two of two your computer, or you have an error

File System Monitor
The total system
No:

Time [-p]
File System Monitor
Audio songs of your audio CD
File System Monitor
File System Monitor
Search:
Window Manager
Slot
Create images using the video
Can't have space in% s
_ Restart
No package to be restored
No match: Could not set
Invalid record in the version: "% s"
Read error:% s
% P:% B: Relocation in non-section '% A'.
Failed to add address:% s
File LaTeX Editor
Error:% B uses float instructions, whereas% B does not
Play a game similar to the same time
